Start testing: Nov 07 23:55 UTC
----------------------------------------------------------
1/4 Testing: AdditionBasic_PositiveNumbers
1/4 Test: AdditionBasic_PositiveNumbers
Command: "/workspaces/csad2526ki406dariiprotsak20/build/csad2526ki406dariiprotsak20_tests" "--gtest_filter=AdditionBasic.PositiveNumbers"
Directory: /workspaces/csad2526ki406dariiprotsak20/build
"AdditionBasic_PositiveNumbers" start time: Nov 07 23:55 UTC
Output:
----------------------------------------------------------
Hello, World!
<end of output>
Test time =   0.00 sec
----------------------------------------------------------
Test Passed.
"AdditionBasic_PositiveNumbers" end time: Nov 07 23:55 UTC
"AdditionBasic_PositiveNumbers" time elapsed: 00:00:00
----------------------------------------------------------

2/4 Testing: AdditionBasic_ZeroAndMixed
2/4 Test: AdditionBasic_ZeroAndMixed
Command: "/workspaces/csad2526ki406dariiprotsak20/build/csad2526ki406dariiprotsak20_tests" "--gtest_filter=AdditionBasic.ZeroAndMixed"
Directory: /workspaces/csad2526ki406dariiprotsak20/build
"AdditionBasic_ZeroAndMixed" start time: Nov 07 23:55 UTC
Output:
----------------------------------------------------------
Hello, World!
<end of output>
Test time =   0.00 sec
----------------------------------------------------------
Test Passed.
"AdditionBasic_ZeroAndMixed" end time: Nov 07 23:55 UTC
"AdditionBasic_ZeroAndMixed" time elapsed: 00:00:00
----------------------------------------------------------

3/4 Testing: AdditionNegative_BothNegative
3/4 Test: AdditionNegative_BothNegative
Command: "/workspaces/csad2526ki406dariiprotsak20/build/csad2526ki406dariiprotsak20_tests" "--gtest_filter=AdditionNegative.BothNegative"
Directory: /workspaces/csad2526ki406dariiprotsak20/build
"AdditionNegative_BothNegative" start time: Nov 07 23:55 UTC
Output:
----------------------------------------------------------
Hello, World!
<end of output>
Test time =   0.00 sec
----------------------------------------------------------
Test Passed.
"AdditionNegative_BothNegative" end time: Nov 07 23:55 UTC
"AdditionNegative_BothNegative" time elapsed: 00:00:00
----------------------------------------------------------

4/4 Testing: AdditionEdgeCases_IntLimits
4/4 Test: AdditionEdgeCases_IntLimits
Command: "/workspaces/csad2526ki406dariiprotsak20/build/csad2526ki406dariiprotsak20_tests" "--gtest_filter=AdditionEdgeCases.IntLimits"
Directory: /workspaces/csad2526ki406dariiprotsak20/build
"AdditionEdgeCases_IntLimits" start time: Nov 07 23:55 UTC
Output:
----------------------------------------------------------
Hello, World!
<end of output>
Test time =   0.00 sec
----------------------------------------------------------
Test Passed.
"AdditionEdgeCases_IntLimits" end time: Nov 07 23:55 UTC
"AdditionEdgeCases_IntLimits" time elapsed: 00:00:00
----------------------------------------------------------

End testing: Nov 07 23:55 UTC
